<!DOCTYPE html PUBLIC "-//W3C//DTD XHTML 1.1//EN" "https://www.w3.org/TR/xhtml11/DTD/xhtml11.dtd">
<html xmlns="https://www.w3.org/1999/xhtml">
<head>
<meta http-equiv="content-type" content="text/html; charset=UTF-8"/>
<title>TestNG Report</title>
<style type="text/css">table {margin-bottom:10px;border-collapse:collapse;empty-cells:show}th,td {border:1px solid #009;padding:.25em .5em}th {vertical-align:bottom}td {vertical-align:top}table a {font-weight:bold}.stripe td {background-color: #E6EBF9}.num {text-align:right}.passedodd td {background-color: #3F3}.passedeven td {background-color: #0A0}.skippedodd td {background-color: #DDD}.skippedeven td {background-color: #CCC}.failedodd td,.attn {background-color: #F33}.failedeven td,.stripe .attn {background-color: #D00}.stacktrace {white-space:pre;font-family:monospace}.totop {font-size:85%;text-align:center;border-bottom:2px solid #000}.invisible {display:none}</style>
</head>
<body>
<table>
<tr><th>Test</th><th># Passed</th><th># Skipped</th><th># Retried</th><th># Failed</th><th>Time (ms)</th><th>Included Groups</th><th>Excluded Groups</th></tr>
<tr><th colspan="8">SeleniumSuite</th></tr>
<tr><td><a href="#t0">SeleniumTests</a></td><td class="num">3</td><td class="num attn">2</td><td class="num">0</td><td class="num attn">3</td><td class="num">92,814</td><td></td><td></td></tr>
</table>
<table id='summary'><thead><tr><th>Class</th><th>Method</th><th>Start</th><th>Time (ms)</th></tr></thead><tbody><tr><th colspan="4">SeleniumSuite</th></tr></tbody><tbody id="t0"><tr><th colspan="4">SeleniumTests &#8212; failed</th></tr><tr class="failedeven"><td rowspan="3">TestNGConcepts.Login</td><td><a href="#m0">loginWithInValidPassword</a></td><td rowspan="1">1713435521585</td><td rowspan="1">4572</td></tr><tr class="failedeven"><td><a href="#m1">loginWithValidCredentials</a></td><td rowspan="1">1713435481345</td><td rowspan="1">10014</td></tr><tr class="failedeven"><td><a href="#m2">registration</a></td><td rowspan="1">1713435451567</td><td rowspan="1">8</td></tr><tr><th colspan="4">SeleniumTests &#8212; skipped</th></tr><tr class="skippedeven"><td rowspan="2">TestNGConcepts.Login</td><td><a href="#m3">loginWithInValidCredentials</a></td><td rowspan="1">1713435508986</td><td rowspan="1">0</td></tr><tr class="skippedeven"><td><a href="#m4">loginWithInValidEmailId</a></td><td rowspan="1">1713435508984</td><td rowspan="1">0</td></tr><tr><th colspan="4">SeleniumTests &#8212; passed</th></tr><tr class="passedeven"><td rowspan="3">TestNGConcepts.Login</td><td><a href="#m5">loginWithValidCredentials</a></td><td rowspan="2">1713435503752</td><td rowspan="2">4829</td></tr><tr class="passedeven"><td><a href="#m6">loginWithValidCredentials</a></td></tr><tr class="passedeven"><td><a href="#m7">registration2</a></td><td rowspan="1">1713435455542</td><td rowspan="1">6</td></tr></tbody>
</table>
<h2>SeleniumTests</h2><h3 id="m0">TestNGConcepts.Login#loginWithInValidPassword</h3><table class="result"><tr><th>Exception</th></tr><tr><td><div class="stacktrace">java.lang.AssertionError: expected [My Account] but found [Account Login]
	at day31.POM.MyAccount.validateLoginStatus(MyAccount.java:17)
	at TestNGConcepts.Login.loginWithInValidPassword(Login.java:90)
	at java.base/java.util.ArrayList.forEach(ArrayList.java:1511)
	at java.base/java.util.concurrent.FutureTask.run(FutureTask.java:264)
	at java.base/java.util.concurrent.ThreadPoolExecutor.runWorker(ThreadPoolExecutor.java:1136)
	at java.base/java.util.concurrent.ThreadPoolExecutor$Worker.run(ThreadPoolExecutor.java:635)
	at java.base/java.lang.Thread.run(Thread.java:833)
... Removed 23 stack frames</div></td></tr></table><p class="totop"><a href="#summary">back to summary</a></p>
<h3 id="m1">TestNGConcepts.Login#loginWithValidCredentials</h3><table class="result"><tr class="param"><th>Parameter #1</th><th>Parameter #2</th></tr><tr class="param stripe"><td>zubair.ansari@janbask.com</td><td>test@1234</td></tr><tr><th colspan="2">Exception</th></tr><tr><td colspan="2"><div class="stacktrace">org.testng.internal.thread.ThreadTimeoutException: Method TestNGConcepts.Login.loginWithValidCredentials() didn&apos;t finish within the time-out 10000
	at java.base@17.0.7/java.lang.Thread.sleep(Native Method)
	at app//TestNGConcepts.YourStore.clickOnMyAccountIcon(YourStore.java:25)
	at app//TestNGConcepts.Login.loginWithValidCredentials(Login.java:31)
	at java.base@17.0.7/java.util.concurrent.FutureTask.run(FutureTask.java:264)
	at java.base@17.0.7/java.util.concurrent.ThreadPoolExecutor.runWorker(ThreadPoolExecutor.java:1136)
	at java.base@17.0.7/java.util.concurrent.ThreadPoolExecutor$Worker.run(ThreadPoolExecutor.java:635)
	at java.base@17.0.7/java.lang.Thread.run(Thread.java:833)
... Removed 8 stack frames</div></td></tr></table><p class="totop"><a href="#summary">back to summary</a></p>
<h3 id="m2">TestNGConcepts.Login#registration</h3><table class="result"><tr><th>Exception</th></tr><tr><td><div class="stacktrace">java.lang.AssertionError: null
	at TestNGConcepts.Login.registration(Login.java:119)
	at java.base/java.util.ArrayList.forEach(ArrayList.java:1511)
	at java.base/java.util.concurrent.FutureTask.run(FutureTask.java:264)
	at java.base/java.util.concurrent.ThreadPoolExecutor.runWorker(ThreadPoolExecutor.java:1136)
	at java.base/java.util.concurrent.ThreadPoolExecutor$Worker.run(ThreadPoolExecutor.java:635)
	at java.base/java.lang.Thread.run(Thread.java:833)
... Removed 19 stack frames</div></td></tr></table><p class="totop"><a href="#summary">back to summary</a></p>
<h3 id="m3">TestNGConcepts.Login#loginWithInValidCredentials</h3><table class="result"><tr><th>Exception</th></tr><tr><td><div class="stacktrace">java.lang.Throwable: Method TestNGConcepts.Login.loginWithInValidCredentials() on instance TestNGConcepts.Login@30ee2816 depends on not successfully finished methods 
[TestNGConcepts.Login.registration() on instance TestNGConcepts.Login@30ee2816]
	at java.base/java.util.ArrayList.forEach(ArrayList.java:1511)
	at java.base/java.util.concurrent.FutureTask.run(FutureTask.java:264)
	at java.base/java.util.concurrent.ThreadPoolExecutor.runWorker(ThreadPoolExecutor.java:1136)
	at java.base/java.util.concurrent.ThreadPoolExecutor$Worker.run(ThreadPoolExecutor.java:635)
	at java.base/java.lang.Thread.run(Thread.java:833)
... Removed 8 stack frames</div></td></tr></table><p class="totop"><a href="#summary">back to summary</a></p>
<h3 id="m4">TestNGConcepts.Login#loginWithInValidEmailId</h3><table class="result"><tr><th>Exception</th></tr><tr><td><div class="stacktrace">java.lang.Throwable: Method TestNGConcepts.Login.loginWithInValidEmailId() on instance TestNGConcepts.Login@30ee2816 depends on not successfully finished methods 
[TestNGConcepts.Login.loginWithValidCredentials() on instance TestNGConcepts.Login@30ee2816]
	at java.base/java.util.ArrayList.forEach(ArrayList.java:1511)
	at java.base/java.util.concurrent.FutureTask.run(FutureTask.java:264)
	at java.base/java.util.concurrent.ThreadPoolExecutor.runWorker(ThreadPoolExecutor.java:1136)
	at java.base/java.util.concurrent.ThreadPoolExecutor$Worker.run(ThreadPoolExecutor.java:635)
	at java.base/java.lang.Thread.run(Thread.java:833)
... Removed 8 stack frames</div></td></tr></table><p class="totop"><a href="#summary">back to summary</a></p>
<h3 id="m5">TestNGConcepts.Login#loginWithValidCredentials</h3><table class="result"><tr class="param"><th>Parameter #1</th><th>Parameter #2</th></tr><tr class="param stripe"><td>Kerrie.wright@gmail.com</td><td>test@1234</td></tr></table><p class="totop"><a href="#summary">back to summary</a></p>
<h3 id="m6">TestNGConcepts.Login#loginWithValidCredentials</h3><table class="result"><tr class="param"><th>Parameter #1</th><th>Parameter #2</th></tr><tr class="param stripe"><td>ben.fletcher@janbask.com</td><td>test@1234</td></tr></table><p class="totop"><a href="#summary">back to summary</a></p>
<h3 id="m7">TestNGConcepts.Login#registration2</h3><table class="result"><tr class="param"><th>Parameter #1</th><th>Parameter #2</th></tr><tr class="param stripe"><td>Jason</td><td>Roger</td></tr></table><p class="totop"><a href="#summary">back to summary</a></p>
</body>
</html>
